# JRE version: OpenJDK Runtime Environment Microsoft-13106358 (17.0.18+8) (build 17.0.18+8-LTS)
# Java VM: OpenJDK 64-Bit Server VM Microsoft-13106358 (17.0.18+8-LTS, mixed mode, sharing, tiered, compressed oops, compressed class ptrs, g1 gc, windows-amd64)
GC Precious Log:
 CPUs: 12 total, 12 available
 Memory: 7916M
 Large Page Support: Disabled
 NUMA Support: Disabled
 Compressed Oops: Enabled (32-bit)
 Heap Region Size: 1M
 Heap Min Capacity: 8M
 Heap Initial Capacity: 124M
 Heap Max Capacity: 1980M
 Pre-touch: Disabled
 Parallel Workers: 10
 Concurrent Workers: 3
 Concurrent Refinement Workers: 10
 Periodic GC: Disabled
Heap:
 garbage-first heap   total 156672K, used 95885K [0x0000000084400000, 0x0000000100000000)
  region size 1024K, 24 young (24576K), 3 survivors (3072K)
 Metaspace       used 54597K, committed 54912K, reserved 1114112K
  class space    used 6173K, committed 6336K, reserved 1048576K
GC Heap History (20 events):
Event: 9.763 GC heap before
{Heap before GC invocations=8 (full 0):
 garbage-first heap   total 83968K, used 54231K [0x0000000084400000, 0x0000000100000000)
  region size 1024K, 29 young (29696K), 6 survivors (6144K)
 Metaspace       used 35675K, committed 35968K, reserved 1114112K
  class space    used 4186K, committed 4352K, reserved 1048576K
}
Event: 9.786 GC heap after
{Heap after GC invocations=9 (full 0):
 garbage-first heap   total 83968K, used 34816K [0x0000000084400000, 0x0000000100000000)
  region size 1024K, 3 young (3072K), 3 survivors (3072K)
 Metaspace       used 35675K, committed 35968K, reserved 1114112K
  class space    used 4186K, committed 4352K, reserved 1048576K
}
Event: 10.904 GC heap before
{Heap before GC invocations=10 (full 0):
 garbage-first heap   total 83968K, used 61440K [0x0000000084400000, 0x0000000100000000)
  region size 1024K, 29 young (29696K), 3 survivors (3072K)
 Metaspace       used 39300K, committed 39552K, reserved 1114112K
  class space    used 4591K, committed 4736K, reserved 1048576K
}
Event: 10.923 GC heap after
{Heap after GC invocations=11 (full 0):
 garbage-first heap   total 83968K, used 38801K [0x0000000084400000, 0x0000000100000000)
  region size 1024K, 4 young (4096K), 4 survivors (4096K)
 Metaspace       used 39300K, committed 39552K, reserved 1114112K
  class space    used 4591K, committed 4736K, reserved 1048576K
}
Event: 12.311 GC heap before
{Heap before GC invocations=11 (full 0):
 garbage-first heap   total 83968K, used 62353K [0x0000000084400000, 0x0000000100000000)
  region size 1024K, 28 young (28672K), 4 survivors (4096K)
 Metaspace       used 44472K, committed 44736K, reserved 1114112K
  class space    used 5211K, committed 5312K, reserved 1048576K
}
Event: 12.332 GC heap after
{Heap after GC invocations=12 (full 0):
 garbage-first heap   total 83968K, used 42913K [0x0000000084400000, 0x0000000100000000)
  region size 1024K, 4 young (4096K), 4 survivors (4096K)
 Metaspace       used 44472K, committed 44736K, reserved 1114112K
  class space    used 5211K, committed 5312K, reserved 1048576K
}
Event: 12.632 GC heap before
{Heap before GC invocations=12 (full 0):
 garbage-first heap   total 83968K, used 49057K [0x0000000084400000, 0x0000000100000000)
  region size 1024K, 11 young (11264K), 4 survivors (4096K)
 Metaspace       used 44777K, committed 45056K, reserved 1114112K
  class space    used 5221K, committed 5376K, reserved 1048576K
}
Event: 12.649 GC heap after
{Heap after GC invocations=13 (full 0):
 garbage-first heap   total 101376K, used 45051K [0x0000000084400000, 0x0000000100000000)
  region size 1024K, 2 young (2048K), 2 survivors (2048K)
 Metaspace       used 44777K, committed 45056K, reserved 1114112K
  class space    used 5221K, committed 5376K, reserved 1048576K
}
Event: 13.219 GC heap before
{Heap before GC invocations=13 (full 0):
 garbage-first heap   total 101376K, used 76795K [0x0000000084400000, 0x0000000100000000)
  region size 1024K, 32 young (32768K), 2 survivors (2048K)
 Metaspace       used 45121K, committed 45376K, reserved 1114112K
  class space    used 5237K, committed 5376K, reserved 1048576K
}
Event: 13.245 GC heap after
{Heap after GC invocations=14 (full 0):
 garbage-first heap   total 101376K, used 56320K [0x0000000084400000, 0x0000000100000000)
  region size 1024K, 4 young (4096K), 4 survivors (4096K)
 Metaspace       used 45121K, committed 45376K, reserved 1114112K
  class space    used 5237K, committed 5376K, reserved 1048576K
}
Event: 13.993 GC heap before
{Heap before GC invocations=14 (full 0):
 garbage-first heap   total 101376K, used 76800K [0x0000000084400000, 0x0000000100000000)
  region size 1024K, 24 young (24576K), 4 survivors (4096K)
 Metaspace       used 45887K, committed 46080K, reserved 1114112K
  class space    used 5275K, committed 5376K, reserved 1048576K
}
Event: 14.014 GC heap after
{Heap after GC invocations=15 (full 0):
 garbage-first heap   total 101376K, used 59998K [0x0000000084400000, 0x0000000100000000)
  region size 1024K, 3 young (3072K), 3 survivors (3072K)
 Metaspace       used 45887K, committed 46080K, reserved 1114112K
  class space    used 5275K, committed 5376K, reserved 1048576K
}
Event: 15.084 GC heap before
{Heap before GC invocations=16 (full 0):
 garbage-first heap   total 104448K, used 78430K [0x0000000084400000, 0x0000000100000000)
  region size 1024K, 21 young (21504K), 3 survivors (3072K)
 Metaspace       used 48075K, committed 48320K, reserved 1114112K
  class space    used 5587K, committed 5696K, reserved 1048576K
}
Event: 15.106 GC heap after
{Heap after GC invocations=17 (full 0):
 garbage-first heap   total 104448K, used 64495K [0x0000000084400000, 0x0000000100000000)
  region size 1024K, 3 young (3072K), 3 survivors (3072K)
 Metaspace       used 48075K, committed 48320K, reserved 1114112K
  class space    used 5587K, committed 5696K, reserved 1048576K
}
Event: 16.560 GC heap before
{Heap before GC invocations=17 (full 0):
 garbage-first heap   total 104448K, used 81903K [0x0000000084400000, 0x0000000100000000)
  region size 1024K, 20 young (20480K), 3 survivors (3072K)
 Metaspace       used 50266K, committed 50496K, reserved 1114112K
  class space    used 5723K, committed 5824K, reserved 1048576K
}
Event: 16.581 GC heap after
{Heap after GC invocations=18 (full 0):
 garbage-first heap   total 104448K, used 68608K [0x0000000084400000, 0x0000000100000000)
  region size 1024K, 3 young (3072K), 3 survivors (3072K)
 Metaspace       used 50266K, committed 50496K, reserved 1114112K
  class space    used 5723K, committed 5824K, reserved 1048576K
}
Event: 17.357 GC heap before
{Heap before GC invocations=19 (full 0):
 garbage-first heap   total 116736K, used 80896K [0x0000000084400000, 0x0000000100000000)
  region size 1024K, 16 young (16384K), 3 survivors (3072K)
 Metaspace       used 52626K, committed 52928K, reserved 1114112K
  class space    used 6012K, committed 6144K, reserved 1048576K
}
Event: 17.376 GC heap after
{Heap after GC invocations=20 (full 0):
 garbage-first heap   total 116736K, used 70953K [0x0000000084400000, 0x0000000100000000)
  region size 1024K, 2 young (2048K), 2 survivors (2048K)
 Metaspace       used 52626K, committed 52928K, reserved 1114112K
  class space    used 6012K, committed 6144K, reserved 1048576K
}
Event: 17.917 GC heap before
{Heap before GC invocations=20 (full 0):
 garbage-first heap   total 116736K, used 92457K [0x0000000084400000, 0x0000000100000000)
  region size 1024K, 23 young (23552K), 2 survivors (2048K)
 Metaspace       used 53280K, committed 53568K, reserved 1114112K
  class space    used 6092K, committed 6208K, reserved 1048576K
}
Event: 17.941 GC heap after
{Heap after GC invocations=21 (full 0):
 garbage-first heap   total 156672K, used 76429K [0x0000000084400000, 0x0000000100000000)
  region size 1024K, 3 young (3072K), 3 survivors (3072K)
 Metaspace       used 53280K, committed 53568K, reserved 1114112K
  class space    used 6092K, committed 6208K, reserved 1048576K
}

